<?xml version="1.0" encoding="UTF-8"?>
<!-- Generated by org.testng.reporters.JUnitXMLReporter -->
<testsuite ignored="1" hostname="ISTHYDPC03" failures="0" tests="2" name="Default test" time="0.104" errors="0" timestamp="2023-07-04T16:13:26 IST">
  <testcase classname="testng.TestNgFlags" name="run" time="0.017"/>
  <testcase classname="testng.TestNgFlags" name="gun" time="0.002"/>
  <testcase classname="testng.TestNgFlags" name="bun" time="0.0">
    <ignored/>
  </testcase> <!-- bun -->
</testsuite> <!-- Default test -->
