<?xml version="1.0" encoding="UTF-8"?>
<testng-results ignored="1" total="3" passed="2" failed="0" skipped="0">
  <reporter-output>
    <line>
      <![CDATA[sumo class]]>
    </line>
    <line>
      <![CDATA[demo class]]>
    </line>
  </reporter-output>
  <suite started-at="2023-07-04T16:13:26 IST" name="Default suite" finished-at="2023-07-04T16:13:26 IST" duration-ms="104">
    <groups>
    </groups>
    <test started-at="2023-07-04T16:13:26 IST" name="Default test" finished-at="2023-07-04T16:13:26 IST" duration-ms="104">
      <class name="testng.TestNgFlags">
        <test-method signature="run()[pri:1, instance:testng.TestNgFlags@3527942a]" started-at="2023-07-04T16:13:26 IST" name="run" finished-at="2023-07-04T16:13:26 IST" duration-ms="17" status="PASS">
          <reporter-output>
            <line>
              <![CDATA[sumo class]]>
            </line>
          </reporter-output>
        </test-method> <!-- run -->
        <test-method signature="gun()[pri:2, instance:testng.TestNgFlags@3527942a]" started-at="2023-07-04T16:13:26 IST" name="gun" finished-at="2023-07-04T16:13:26 IST" depends-on-methods="testng.TestNgFlags.run" duration-ms="2" status="PASS">
          <reporter-output>
            <line>
              <![CDATA[demo class]]>
            </line>
          </reporter-output>
        </test-method> <!-- gun -->
      </class> <!-- testng.TestNgFlags -->
    </test> <!-- Default test -->
  </suite> <!-- Default suite -->
</testng-results>
